<?xml version="1.0" encoding="UTF-8"?>
<!-- Generated by org.testng.reporters.JUnitReportReporter -->
<testsuite skipped="0" hostname="DESKTOP-F2PPI56" name="TestCases.WendellAddHero" tests="1" failures="0" timestamp="22 Jan 2020 05:09:44 GMT" time="0.163" errors="0">
  <testcase name="open_page" time="0.163" classname="TestCases.WendellAddHero"/>
</testsuite> <!-- TestCases.WendellAddHero -->
