<?xml version="1.0" encoding="UTF-8"?>
<!-- Generated by org.testng.reporters.JUnitReportReporter -->
<testsuite skipped="0" hostname="DESKTOP-5CLF6QB" name="TestCases.RestTest" tests="2" failures="0" timestamp="25 Jan 2020 04:44:12 GMT" time="4.362" errors="0">
  <testcase name="simple_get_test" time="0.166" classname="TestCases.RestTest"/>
  <testcase name="post_test" time="4.196" classname="TestCases.RestTest"/>
</testsuite> <!-- TestCases.RestTest -->
