<?xml version="1.0" encoding="UTF-8"?>
<!-- Generated by org.testng.reporters.JUnitReportReporter -->
<testsuite skipped="0" hostname="DESKTOP-5CLF6QB" name="TestCases.autoFramework2.LoadPage" tests="1" failures="0" timestamp="21 Jan 2020 02:24:25 GMT" time="11.226" errors="0">
  <testcase name="initDriver" time="11.226" classname="TestCases.autoFramework2.LoadPage"/>
</testsuite> <!-- TestCases.autoFramework2.LoadPage -->
