<?xml version="1.0" encoding="UTF-8"?>
<!-- Generated by org.testng.reporters.JUnitReportReporter -->
<testsuite skipped="0" hostname="DESKTOP-MH5211V" name="TestCases.WendellAddHero" tests="1" failures="0" timestamp="04 Feb 2020 00:34:08 GMT" time="1.101" errors="0">
  <testcase name="open_page" time="1.101" classname="TestCases.WendellAddHero"/>
</testsuite> <!-- TestCases.WendellAddHero -->
