<?xml version="1.0" encoding="UTF-8"?>
<!-- Generated by org.testng.reporters.JUnitReportReporter -->
<testsuite skipped="0" hostname="DESKTOP-5CLF6QB" name="TestCases.WendellAddHero" tests="1" failures="0" timestamp="25 Jan 2020 03:15:27 GMT" time="0.562" errors="0">
  <testcase name="open_page" time="0.562" classname="TestCases.WendellAddHero"/>
</testsuite> <!-- TestCases.WendellAddHero -->
