<?xml version="1.0" encoding="UTF-8"?>
<!-- Generated by org.testng.reporters.JUnitReportReporter -->
<testsuite skipped="0" hostname="DESKTOP-5CLF6QB" name="TestCases.autoFramework.NewTest" tests="1" failures="0" timestamp="20 Jan 2020 22:10:08 GMT" time="6.963" errors="0">
  <testcase name="f" time="6.963" classname="TestCases.autoFramework.NewTest"/>
</testsuite> <!-- TestCases.autoFramework.NewTest -->
