<?xml version="1.0" encoding="UTF-8"?>
<!-- Generated by org.testng.reporters.JUnitReportReporter -->
<testsuite skipped="0" hostname="DESKTOP-MH5211V" name="TestCases.WendellAddHero" tests="1" failures="0" timestamp="22 Jan 2020 18:36:31 GMT" time="0.912" errors="0">
  <testcase name="open_page" time="0.912" classname="TestCases.WendellAddHero"/>
</testsuite> <!-- TestCases.WendellAddHero -->
