<?xml version="1.0" encoding="UTF-8"?>
<!-- Generated by org.testng.reporters.JUnitReportReporter -->
<testsuite skipped="0" hostname="DESKTOP-5CLF6QB" name="TestCases.autoFramework2.LoadPage" tests="1" failures="0" timestamp="20 Jan 2020 23:03:54 GMT" time="11.131" errors="0">
  <testcase name="initDriver" time="11.131" classname="TestCases.autoFramework2.LoadPage"/>
</testsuite> <!-- TestCases.autoFramework2.LoadPage -->
